[2017-01-06 09:40:29] local.ERROR: exception 'PDOException' with message 'SQLSTATE[HY000]: General error: 1364 Field 'facebook_id' doesn't have a default value' in C:\xampp\htdocs\FacebookLogin\facebook_login\vendor\laravel\framework\src\Illuminate\Database\Connection.php:480
Stack trace:
#0 C:\xampp\htdocs\FacebookLogin\facebook_login\vendor\laravel\framework\src\Illuminate\Database\Connection.php(480): PDOStatement->execute()
#1 C:\xampp\htdocs\FacebookLogin\facebook_login\vendor\laravel\framework\src\Illuminate\Database\Connection.php(763): Illuminate\Database\Connection->Illuminate\Database\{closure}(Object(Illuminate\Database\MySqlConnection), 'insert into `us...', Array)
#2 C:\xampp\htdocs\FacebookLogin\facebook_login\vendor\laravel\framework\src\Illuminate\Database\Connection.php(726): Illuminate\Database\Connection->runQueryCallback('insert into `us...', Array, Object(Closure))
#3 C:\xampp\htdocs\FacebookLogin\facebook_login\vendor\laravel\framework\src\Illuminate\Database\Connection.php(481): Illuminate\Database\Connection->run('insert into `us...', Array, Object(Closure))
#4 C:\xampp\htdocs\FacebookLogin\facebook_login\vendor\laravel\framework\src\Illuminate\Database\Connection.php(435): Illuminate\Database\Connection->statement('insert into `us...', Array)
#5 C:\xampp\htdocs\FacebookLogin\facebook_login\vendor\laravel\framework\src\Illuminate\Database\Query\Processors\Processor.php(32): Illuminate\Database\Connection->insert('insert into `us...', Array)
#6 C:\xampp\htdocs\FacebookLogin\facebook_login\vendor\laravel\framework\src\Illuminate\Database\Query\Builder.php(2154): Illuminate\Database\Query\Processors\Processor->processInsertGetId(Object(Illuminate\Database\Query\Builder), 'insert into `us...', Array, 'id')
#7 [internal function]: Illuminate\Database\Query\Builder->insertGetId(Array, 'id')
#8 C:\xampp\htdocs\FacebookLogin\facebook_login\vendor\laravel\framework\src\Illuminate\Database\Eloquent\Builder.php(1466): call_user_func_array(Array, Array)
#9 C:\xampp\htdocs\FacebookLogin\facebook_login\vendor\laravel\framework\src\Illuminate\Database\Eloquent\Model.php(1605): Illuminate\Database\Eloquent\Builder->__call('insertGetId', Array)
#10 C:\xampp\htdocs\FacebookLogin\facebook_login\vendor\laravel\framework\src\Illuminate\Database\Eloquent\Model.php(1605): Illuminate\Database\Eloquent\Builder->insertGetId(Array, 'id')
#11 C:\xampp\htdocs\FacebookLogin\facebook_login\vendor\laravel\framework\src\Illuminate\Database\Eloquent\Model.php(1574): Illuminate\Database\Eloquent\Model->insertAndSetId(Object(Illuminate\Database\Eloquent\Builder), Array)
#12 C:\xampp\htdocs\FacebookLogin\facebook_login\vendor\laravel\framework\src\Illuminate\Database\Eloquent\Model.php(1471): Illuminate\Database\Eloquent\Model->performInsert(Object(Illuminate\Database\Eloquent\Builder))
#13 C:\xampp\htdocs\FacebookLogin\facebook_login\vendor\laravel\framework\src\Illuminate\Database\Eloquent\Model.php(561): Illuminate\Database\Eloquent\Model->save()
#14 C:\xampp\htdocs\FacebookLogin\facebook_login\app\Http\Controllers\Auth\RegisterController.php(69): Illuminate\Database\Eloquent\Model::create(Array)
#15 C:\xampp\htdocs\FacebookLogin\facebook_login\vendor\laravel\framework\src\Illuminate\Foundation\Auth\RegistersUsers.php(33): App\Http\Controllers\Auth\RegisterController->create(Array)
#16 [internal function]: App\Http\Controllers\Auth\RegisterController->register(Object(Illuminate\Http\Request))
#17 C:\xampp\htdocs\FacebookLogin\facebook_login\vendor\laravel\framework\src\Illuminate\Routing\Controller.php(55): call_user_func_array(Array, Array)
#18 C:\xampp\htdocs\FacebookLogin\facebook_login\vendor\laravel\framework\src\Illuminate\Routing\ControllerDispatcher.php(44): Illuminate\Routing\Controller->callAction('register', Array)
#19 C:\xampp\htdocs\FacebookLogin\facebook_login\vendor\laravel\framework\src\Illuminate\Routing\Route.php(190): Illuminate\Routing\ControllerDispatcher->dispatch(Object(Illuminate\Routing\Route), Object(App\Http\Controllers\Auth\RegisterController), 'register')
#20 C:\xampp\htdocs\FacebookLogin\facebook_login\vendor\laravel\framework\src\Illuminate\Routing\Route.php(144): Illuminate\Routing\Route->runController()
#21 C:\xampp\htdocs\FacebookLogin\facebook_login\vendor\laravel\framework\src\Illuminate\Routing\Router.php(653): Illuminate\Routing\Route->run(Object(Illuminate\Http\Request))
#22 C:\xampp\htdocs\FacebookLogin\facebook_login\vendor\laravel\framework\src\Illuminate\Routing\Pipeline.php(53): Illuminate\Routing\Router->Illuminate\Routing\{closure}(Object(Illuminate\Http\Request))
#23 C:\xampp\htdocs\FacebookLogin\facebook_login\app\Http\Middleware\RedirectIfAuthenticated.php(24): Illuminate\Routing\Pipeline->Illuminate\Routing\{closure}(Object(Illuminate\Http\Request))
#24 C:\xampp\htdocs\FacebookLogin\facebook_login\vendor\laravel\framework\src\Illuminate\Pipeline\Pipeline.php(137): App\Http\Middleware\RedirectIfAuthenticated->handle(Object(Illuminate\Http\Request), Object(Closure))
#25 C:\xampp\htdocs\FacebookLogin\facebook_login\vendor\laravel\framework\src\Illuminate\Routing\Pipeline.php(33): Illuminate\Pipeline\Pipeline->Illuminate\Pipeline\{closure}(Object(Illuminate\Http\Request))
#26 C:\xampp\htdocs\FacebookLogin\facebook_login\vendor\laravel\framework\src\Illuminate\Routing\Middleware\SubstituteBindings.php(41): Illuminate\Routing\Pipeline->Illuminate\Routing\{closure}(Object(Illuminate\Http\Request))
#27 C:\xampp\htdocs\FacebookLogin\facebook_login\vendor\laravel\framework\src\Illuminate\Pipeline\Pipeline.php(137): Illuminate\Routing\Middleware\SubstituteBindings->handle(Object(Illuminate\Http\Request), Object(Closure))
#28 C:\xampp\htdocs\FacebookLogin\facebook_login\vendor\laravel\framework\src\Illuminate\Routing\Pipeline.php(33): Illuminate\Pipeline\Pipeline->Illuminate\Pipeline\{closure}(Object(Illuminate\Http\Request))
#29 C:\xampp\htdocs\FacebookLogin\facebook_login\vendor\laravel\framework\src\Illuminate\Foundation\Http\Middleware\VerifyCsrfToken.php(65): Illuminate\Routing\Pipeline->Illuminate\Routing\{closure}(Object(Illuminate\Http\Request))
#30 C:\xampp\htdocs\FacebookLogin\facebook_login\vendor\laravel\framework\src\Illuminate\Pipeline\Pipeline.php(137): Illuminate\Foundation\Http\Middleware\VerifyCsrfToken->handle(Object(Illuminate\Http\Request), Object(Closure))
#31 C:\xampp\htdocs\FacebookLogin\facebook_login\vendor\laravel\framework\src\Illuminate\Routing\Pipeline.php(33): Illuminate\Pipeline\Pipeline->Illuminate\Pipeline\{closure}(Object(Illuminate\Http\Request))
#32 C:\xampp\htdocs\FacebookLogin\facebook_login\vendor\laravel\framework\src\Illuminate\View\Middleware\ShareErrorsFromSession.php(49): Illuminate\Routing\Pipeline->Illuminate\Routing\{closure}(Object(Illuminate\Http\Request))
#33 C:\xampp\htdocs\FacebookLogin\facebook_login\vendor\laravel\framework\src\Illuminate\Pipeline\Pipeline.php(137): Illuminate\View\Middleware\ShareErrorsFromSession->handle(Object(Illuminate\Http\Request), Object(Closure))
#34 C:\xampp\htdocs\FacebookLogin\facebook_login\vendor\laravel\framework\src\Illuminate\Routing\Pipeline.php(33): Illuminate\Pipeline\Pipeline->Illuminate\Pipeline\{closure}(Object(Illuminate\Http\Request))
#35 C:\xampp\htdocs\FacebookLogin\facebook_login\vendor\laravel\framework\src\Illuminate\Session\Middleware\StartSession.php(64): Illuminate\Routing\Pipeline->Illuminate\Routing\{closure}(Object(Illuminate\Http\Request))
#36 C:\xampp\htdocs\FacebookLogin\facebook_login\vendor\laravel\framework\src\Illuminate\Pipeline\Pipeline.php(137): Illuminate\Session\Middleware\StartSession->handle(Object(Illuminate\Http\Request), Object(Closure))
#37 C:\xampp\htdocs\FacebookLogin\facebook_login\vendor\laravel\framework\src\Illuminate\Routing\Pipeline.php(33): Illuminate\Pipeline\Pipeline->Illuminate\Pipeline\{closure}(Object(Illuminate\Http\Request))
#38 C:\xampp\htdocs\FacebookLogin\facebook_login\vendor\laravel\framework\src\Illuminate\Cookie\Middleware\AddQueuedCookiesToResponse.php(37): Illuminate\Routing\Pipeline->Illuminate\Routing\{closure}(Object(Illuminate\Http\Request))
#39 C:\xampp\htdocs\FacebookLogin\facebook_login\vendor\laravel\framework\src\Illuminate\Pipeline\Pipeline.php(137): Illuminate\Cookie\Middleware\AddQueuedCookiesToResponse->handle(Object(Illuminate\Http\Request), Object(Closure))
#40 C:\xampp\htdocs\FacebookLogin\facebook_login\vendor\laravel\framework\src\Illuminate\Routing\Pipeline.php(33): Illuminate\Pipeline\Pipeline->Illuminate\Pipeline\{closure}(Object(Illuminate\Http\Request))
#41 C:\xampp\htdocs\FacebookLogin\facebook_login\vendor\laravel\framework\src\Illuminate\Cookie\Middleware\EncryptCookies.php(59): Illuminate\Routing\Pipeline->Illuminate\Routing\{closure}(Object(Illuminate\Http\Request))
#42 C:\xampp\htdocs\FacebookLogin\facebook_login\vendor\laravel\framework\src\Illuminate\Pipeline\Pipeline.php(137): Illuminate\Cookie\Middleware\EncryptCookies->handle(Object(Illuminate\Http\Request), Object(Closure))
#43 C:\xampp\htdocs\FacebookLogin\facebook_login\vendor\laravel\framework\src\Illuminate\Routing\Pipeline.php(33): Illuminate\Pipeline\Pipeline->Illuminate\Pipeline\{closure}(Object(Illuminate\Http\Request))
#44 C:\xampp\htdocs\FacebookLogin\facebook_login\vendor\laravel\framework\src\Illuminate\Pipeline\Pipeline.php(104): Illuminate\Routing\Pipeline->Illuminate\Routing\{closure}(Object(Illuminate\Http\Request))
#45 C:\xampp\htdocs\FacebookLogin\facebook_login\vendor\laravel\framework\src\Illuminate\Routing\Router.php(655): Illuminate\Pipeline\Pipeline->then(Object(Closure))
#46 C:\xampp\htdocs\FacebookLogin\facebook_login\vendor\laravel\framework\src\Illuminate\Routing\Router.php(629): Illuminate\Routing\Router->runRouteWithinStack(Object(Illuminate\Routing\Route), Object(Illuminate\Http\Request))
#47 C:\xampp\htdocs\FacebookLogin\facebook_login\vendor\laravel\framework\src\Illuminate\Routing\Router.php(607): Illuminate\Routing\Router->dispatchToRoute(Object(Illuminate\Http\Request))
#48 C:\xampp\htdocs\FacebookLogin\facebook_login\vendor\laravel\framework\src\Illuminate\Foundation\Http\Kernel.php(268): Illuminate\Routing\Router->dispatch(Object(Illuminate\Http\Request))
#49 C:\xampp\htdocs\FacebookLogin\facebook_login\vendor\laravel\framework\src\Illuminate\Routing\Pipeline.php(53): Illuminate\Foundation\Http\Kernel->Illuminate\Foundation\Http\{closure}(Object(Illuminate\Http\Request))
#50 C:\xampp\htdocs\FacebookLogin\facebook_login\vendor\laravel\framework\src\Illuminate\Foundation\Http\Middleware\CheckForMaintenanceMode.php(46): Illuminate\Routing\Pipeline->Illuminate\Routing\{closure}(Object(Illuminate\Http\Request))
#51 C:\xampp\htdocs\FacebookLogin\facebook_login\vendor\laravel\framework\src\Illuminate\Pipeline\Pipeline.php(137): Illuminate\Foundation\Http\Middleware\CheckForMaintenanceMode->handle(Object(Illuminate\Http\Request), Object(Closure))
#52 C:\xampp\htdocs\FacebookLogin\facebook_login\vendor\laravel\framework\src\Illuminate\Routing\Pipeline.php(33): Illuminate\Pipeline\Pipeline->Illuminate\Pipeline\{closure}(Object(Illuminate\Http\Request))
#53 C:\xampp\htdocs\FacebookLogin\facebook_login\vendor\laravel\framework\src\Illuminate\Pipeline\Pipeline.php(104): Illuminate\Routing\Pipeline->Illuminate\Routing\{closure}(Object(Illuminate\Http\Request))
#54 C:\xampp\htdocs\FacebookLogin\facebook_login\vendor\laravel\framework\src\Illuminate\Foundation\Http\Kernel.php(150): Illuminate\Pipeline\Pipeline->then(Object(Closure))
#55 C:\xampp\htdocs\FacebookLogin\facebook_login\vendor\laravel\framework\src\Illuminate\Foundation\Http\Kernel.php(117): Illuminate\Foundation\Http\Kernel->sendRequestThroughRouter(Object(Illuminate\Http\Request))
#56 C:\xampp\htdocs\FacebookLogin\facebook_login\public\index.php(54): Illuminate\Foundation\Http\Kernel->handle(Object(Illuminate\Http\Request))
#57 C:\xampp\htdocs\FacebookLogin\facebook_login\server.php(21): require_once('C:\\xampp\\htdocs...')
#58 {main}

Next exception 'Illuminate\Database\QueryException' with message 'SQLSTATE[HY000]: General error: 1364 Field 'facebook_id' doesn't have a default value (SQL: insert into `users` (`name`, `email`, `password`, `updated_at`, `created_at`) values (Reza, Emadi@email.com, $2y$10$5cPMIQS9Ni2FzfBjWEizDeFQEZnZ8t2HVZLRKowzeABjYNTttsTQK, 2017-01-06 09:40:29, 2017-01-06 09:40:29))' in C:\xampp\htdocs\FacebookLogin\facebook_login\vendor\laravel\framework\src\Illuminate\Database\Connection.php:770
Stack trace:
#0 C:\xampp\htdocs\FacebookLogin\facebook_login\vendor\laravel\framework\src\Illuminate\Database\Connection.php(726): Illuminate\Database\Connection->runQueryCallback('insert into `us...', Array, Object(Closure))
#1 C:\xampp\htdocs\FacebookLogin\facebook_login\vendor\laravel\framework\src\Illuminate\Database\Connection.php(481): Illuminate\Database\Connection->run('insert into `us...', Array, Object(Closure))
#2 C:\xampp\htdocs\FacebookLogin\facebook_login\vendor\laravel\framework\src\Illuminate\Database\Connection.php(435): Illuminate\Database\Connection->statement('insert into `us...', Array)
#3 C:\xampp\htdocs\FacebookLogin\facebook_login\vendor\laravel\framework\src\Illuminate\Database\Query\Processors\Processor.php(32): Illuminate\Database\Connection->insert('insert into `us...', Array)
#4 C:\xampp\htdocs\FacebookLogin\facebook_login\vendor\laravel\framework\src\Illuminate\Database\Query\Builder.php(2154): Illuminate\Database\Query\Processors\Processor->processInsertGetId(Object(Illuminate\Database\Query\Builder), 'insert into `us...', Array, 'id')
#5 [internal function]: Illuminate\Database\Query\Builder->insertGetId(Array, 'id')
#6 C:\xampp\htdocs\FacebookLogin\facebook_login\vendor\laravel\framework\src\Illuminate\Database\Eloquent\Builder.php(1466): call_user_func_array(Array, Array)
#7 C:\xampp\htdocs\FacebookLogin\facebook_login\vendor\laravel\framework\src\Illuminate\Database\Eloquent\Model.php(1605): Illuminate\Database\Eloquent\Builder->__call('insertGetId', Array)
#8 C:\xampp\htdocs\FacebookLogin\facebook_login\vendor\laravel\framework\src\Illuminate\Database\Eloquent\Model.php(1605): Illuminate\Database\Eloquent\Builder->insertGetId(Array, 'id')
#9 C:\xampp\htdocs\FacebookLogin\facebook_login\vendor\laravel\framework\src\Illuminate\Database\Eloquent\Model.php(1574): Illuminate\Database\Eloquent\Model->insertAndSetId(Object(Illuminate\Database\Eloquent\Builder), Array)
#10 C:\xampp\htdocs\FacebookLogin\facebook_login\vendor\laravel\framework\src\Illuminate\Database\Eloquent\Model.php(1471): Illuminate\Database\Eloquent\Model->performInsert(Object(Illuminate\Database\Eloquent\Builder))
#11 C:\xampp\htdocs\FacebookLogin\facebook_login\vendor\laravel\framework\src\Illuminate\Database\Eloquent\Model.php(561): Illuminate\Database\Eloquent\Model->save()
#12 C:\xampp\htdocs\FacebookLogin\facebook_login\app\Http\Controllers\Auth\RegisterController.php(69): Illuminate\Database\Eloquent\Model::create(Array)
#13 C:\xampp\htdocs\FacebookLogin\facebook_login\vendor\laravel\framework\src\Illuminate\Foundation\Auth\RegistersUsers.php(33): App\Http\Controllers\Auth\RegisterController->create(Array)
#14 [internal function]: App\Http\Controllers\Auth\RegisterController->register(Object(Illuminate\Http\Request))
#15 C:\xampp\htdocs\FacebookLogin\facebook_login\vendor\laravel\framework\src\Illuminate\Routing\Controller.php(55): call_user_func_array(Array, Array)
#16 C:\xampp\htdocs\FacebookLogin\facebook_login\vendor\laravel\framework\src\Illuminate\Routing\ControllerDispatcher.php(44): Illuminate\Routing\Controller->callAction('register', Array)
#17 C:\xampp\htdocs\FacebookLogin\facebook_login\vendor\laravel\framework\src\Illuminate\Routing\Route.php(190): Illuminate\Routing\ControllerDispatcher->dispatch(Object(Illuminate\Routing\Route), Object(App\Http\Controllers\Auth\RegisterController), 'register')
#18 C:\xampp\htdocs\FacebookLogin\facebook_login\vendor\laravel\framework\src\Illuminate\Routing\Route.php(144): Illuminate\Routing\Route->runController()
#19 C:\xampp\htdocs\FacebookLogin\facebook_login\vendor\laravel\framework\src\Illuminate\Routing\Router.php(653): Illuminate\Routing\Route->run(Object(Illuminate\Http\Request))
#20 C:\xampp\htdocs\FacebookLogin\facebook_login\vendor\laravel\framework\src\Illuminate\Routing\Pipeline.php(53): Illuminate\Routing\Router->Illuminate\Routing\{closure}(Object(Illuminate\Http\Request))
#21 C:\xampp\htdocs\FacebookLogin\facebook_login\app\Http\Middleware\RedirectIfAuthenticated.php(24): Illuminate\Routing\Pipeline->Illuminate\Routing\{closure}(Object(Illuminate\Http\Request))
#22 C:\xampp\htdocs\FacebookLogin\facebook_login\vendor\laravel\framework\src\Illuminate\Pipeline\Pipeline.php(137): App\Http\Middleware\RedirectIfAuthenticated->handle(Object(Illuminate\Http\Request), Object(Closure))
#23 C:\xampp\htdocs\FacebookLogin\facebook_login\vendor\laravel\framework\src\Illuminate\Routing\Pipeline.php(33): Illuminate\Pipeline\Pipeline->Illuminate\Pipeline\{closure}(Object(Illuminate\Http\Request))
#24 C:\xampp\htdocs\FacebookLogin\facebook_login\vendor\laravel\framework\src\Illuminate\Routing\Middleware\SubstituteBindings.php(41): Illuminate\Routing\Pipeline->Illuminate\Routing\{closure}(Object(Illuminate\Http\Request))
#25 C:\xampp\htdocs\FacebookLogin\facebook_login\vendor\laravel\framework\src\Illuminate\Pipeline\Pipeline.php(137): Illuminate\Routing\Middleware\SubstituteBindings->handle(Object(Illuminate\Http\Request), Object(Closure))
#26 C:\xampp\htdocs\FacebookLogin\facebook_login\vendor\laravel\framework\src\Illuminate\Routing\Pipeline.php(33): Illuminate\Pipeline\Pipeline->Illuminate\Pipeline\{closure}(Object(Illuminate\Http\Request))
#27 C:\xampp\htdocs\FacebookLogin\facebook_login\vendor\laravel\framework\src\Illuminate\Foundation\Http\Middleware\VerifyCsrfToken.php(65): Illuminate\Routing\Pipeline->Illuminate\Routing\{closure}(Object(Illuminate\Http\Request))
#28 C:\xampp\htdocs\FacebookLogin\facebook_login\vendor\laravel\framework\src\Illuminate\Pipeline\Pipeline.php(137): Illuminate\Foundation\Http\Middleware\VerifyCsrfToken->handle(Object(Illuminate\Http\Request), Object(Closure))
#29 C:\xampp\htdocs\FacebookLogin\facebook_login\vendor\laravel\framework\src\Illuminate\Routing\Pipeline.php(33): Illuminate\Pipeline\Pipeline->Illuminate\Pipeline\{closure}(Object(Illuminate\Http\Request))
#30 C:\xampp\htdocs\FacebookLogin\facebook_login\vendor\laravel\framework\src\Illuminate\View\Middleware\ShareErrorsFromSession.php(49): Illuminate\Routing\Pipeline->Illuminate\Routing\{closure}(Object(Illuminate\Http\Request))
#31 C:\xampp\htdocs\FacebookLogin\facebook_login\vendor\laravel\framework\src\Illuminate\Pipeline\Pipeline.php(137): Illuminate\View\Middleware\ShareErrorsFromSession->handle(Object(Illuminate\Http\Request), Object(Closure))
#32 C:\xampp\htdocs\FacebookLogin\facebook_login\vendor\laravel\framework\src\Illuminate\Routing\Pipeline.php(33): Illuminate\Pipeline\Pipeline->Illuminate\Pipeline\{closure}(Object(Illuminate\Http\Request))
#33 C:\xampp\htdocs\FacebookLogin\facebook_login\vendor\laravel\framework\src\Illuminate\Session\Middleware\StartSession.php(64): Illuminate\Routing\Pipeline->Illuminate\Routing\{closure}(Object(Illuminate\Http\Request))
#34 C:\xampp\htdocs\FacebookLogin\facebook_login\vendor\laravel\framework\src\Illuminate\Pipeline\Pipeline.php(137): Illuminate\Session\Middleware\StartSession->handle(Object(Illuminate\Http\Request), Object(Closure))
#35 C:\xampp\htdocs\FacebookLogin\facebook_login\vendor\laravel\framework\src\Illuminate\Routing\Pipeline.php(33): Illuminate\Pipeline\Pipeline->Illuminate\Pipeline\{closure}(Object(Illuminate\Http\Request))
#36 C:\xampp\htdocs\FacebookLogin\facebook_login\vendor\laravel\framework\src\Illuminate\Cookie\Middleware\AddQueuedCookiesToResponse.php(37): Illuminate\Routing\Pipeline->Illuminate\Routing\{closure}(Object(Illuminate\Http\Request))
#37 C:\xampp\htdocs\FacebookLogin\facebook_login\vendor\laravel\framework\src\Illuminate\Pipeline\Pipeline.php(137): Illuminate\Cookie\Middleware\AddQueuedCookiesToResponse->handle(Object(Illuminate\Http\Request), Object(Closure))
#38 C:\xampp\htdocs\FacebookLogin\facebook_login\vendor\laravel\framework\src\Illuminate\Routing\Pipeline.php(33): Illuminate\Pipeline\Pipeline->Illuminate\Pipeline\{closure}(Object(Illuminate\Http\Request))
#39 C:\xampp\htdocs\FacebookLogin\facebook_login\vendor\laravel\framework\src\Illuminate\Cookie\Middleware\EncryptCookies.php(59): Illuminate\Routing\Pipeline->Illuminate\Routing\{closure}(Object(Illuminate\Http\Request))
#40 C:\xampp\htdocs\FacebookLogin\facebook_login\vendor\laravel\framework\src\Illuminate\Pipeline\Pipeline.php(137): Illuminate\Cookie\Middleware\EncryptCookies->handle(Object(Illuminate\Http\Request), Object(Closure))
#41 C:\xampp\htdocs\FacebookLogin\facebook_login\vendor\laravel\framework\src\Illuminate\Routing\Pipeline.php(33): Illuminate\Pipeline\Pipeline->Illuminate\Pipeline\{closure}(Object(Illuminate\Http\Request))
#42 C:\xampp\htdocs\FacebookLogin\facebook_login\vendor\laravel\framework\src\Illuminate\Pipeline\Pipeline.php(104): Illuminate\Routing\Pipeline->Illuminate\Routing\{closure}(Object(Illuminate\Http\Request))
#43 C:\xampp\htdocs\FacebookLogin\facebook_login\vendor\laravel\framework\src\Illuminate\Routing\Router.php(655): Illuminate\Pipeline\Pipeline->then(Object(Closure))
#44 C:\xampp\htdocs\FacebookLogin\facebook_login\vendor\laravel\framework\src\Illuminate\Routing\Router.php(629): Illuminate\Routing\Router->runRouteWithinStack(Object(Illuminate\Routing\Route), Object(Illuminate\Http\Request))
#45 C:\xampp\htdocs\FacebookLogin\facebook_login\vendor\laravel\framework\src\Illuminate\Routing\Router.php(607): Illuminate\Routing\Router->dispatchToRoute(Object(Illuminate\Http\Request))
#46 C:\xampp\htdocs\FacebookLogin\facebook_login\vendor\laravel\framework\src\Illuminate\Foundation\Http\Kernel.php(268): Illuminate\Routing\Router->dispatch(Object(Illuminate\Http\Request))
#47 C:\xampp\htdocs\FacebookLogin\facebook_login\vendor\laravel\framework\src\Illuminate\Routing\Pipeline.php(53): Illuminate\Foundation\Http\Kernel->Illuminate\Foundation\Http\{closure}(Object(Illuminate\Http\Request))
#48 C:\xampp\htdocs\FacebookLogin\facebook_login\vendor\laravel\framework\src\Illuminate\Foundation\Http\Middleware\CheckForMaintenanceMode.php(46): Illuminate\Routing\Pipeline->Illuminate\Routing\{closure}(Object(Illuminate\Http\Request))
#49 C:\xampp\htdocs\FacebookLogin\facebook_login\vendor\laravel\framework\src\Illuminate\Pipeline\Pipeline.php(137): Illuminate\Foundation\Http\Middleware\CheckForMaintenanceMode->handle(Object(Illuminate\Http\Request), Object(Closure))
#50 C:\xampp\htdocs\FacebookLogin\facebook_login\vendor\laravel\framework\src\Illuminate\Routing\Pipeline.php(33): Illuminate\Pipeline\Pipeline->Illuminate\Pipeline\{closure}(Object(Illuminate\Http\Request))
#51 C:\xampp\htdocs\FacebookLogin\facebook_login\vendor\laravel\framework\src\Illuminate\Pipeline\Pipeline.php(104): Illuminate\Routing\Pipeline->Illuminate\Routing\{closure}(Object(Illuminate\Http\Request))
#52 C:\xampp\htdocs\FacebookLogin\facebook_login\vendor\laravel\framework\src\Illuminate\Foundation\Http\Kernel.php(150): Illuminate\Pipeline\Pipeline->then(Object(Closure))
#53 C:\xampp\htdocs\FacebookLogin\facebook_login\vendor\laravel\framework\src\Illuminate\Foundation\Http\Kernel.php(117): Illuminate\Foundation\Http\Kernel->sendRequestThroughRouter(Object(Illuminate\Http\Request))
#54 C:\xampp\htdocs\FacebookLogin\facebook_login\public\index.php(54): Illuminate\Foundation\Http\Kernel->handle(Object(Illuminate\Http\Request))
#55 C:\xampp\htdocs\FacebookLogin\facebook_login\server.php(21): require_once('C:\\xampp\\htdocs...')
#56 {main}  
[2017-01-06 09:45:19] local.ERROR: exception 'PDOException' with message 'SQLSTATE[HY000]: General error: 1364 Field 'avatar' doesn't have a default value' in C:\xampp\htdocs\FacebookLogin\facebook_login\vendor\laravel\framework\src\Illuminate\Database\Connection.php:480
Stack trace:
#0 C:\xampp\htdocs\FacebookLogin\facebook_login\vendor\laravel\framework\src\Illuminate\Database\Connection.php(480): PDOStatement->execute()
#1 C:\xampp\htdocs\FacebookLogin\facebook_login\vendor\laravel\framework\src\Illuminate\Database\Connection.php(763): Illuminate\Database\Connection->Illuminate\Database\{closure}(Object(Illuminate\Database\MySqlConnection), 'insert into `us...', Array)
#2 C:\xampp\htdocs\FacebookLogin\facebook_login\vendor\laravel\framework\src\Illuminate\Database\Connection.php(726): Illuminate\Database\Connection->runQueryCallback('insert into `us...', Array, Object(Closure))
#3 C:\xampp\htdocs\FacebookLogin\facebook_login\vendor\laravel\framework\src\Illuminate\Database\Connection.php(481): Illuminate\Database\Connection->run('insert into `us...', Array, Object(Closure))
#4 C:\xampp\htdocs\FacebookLogin\facebook_login\vendor\laravel\framework\src\Illuminate\Database\Connection.php(435): Illuminate\Database\Connection->statement('insert into `us...', Array)
#5 C:\xampp\htdocs\FacebookLogin\facebook_login\vendor\laravel\framework\src\Illuminate\Database\Query\Processors\Processor.php(32): Illuminate\Database\Connection->insert('insert into `us...', Array)
#6 C:\xampp\htdocs\FacebookLogin\facebook_login\vendor\laravel\framework\src\Illuminate\Database\Query\Builder.php(2154): Illuminate\Database\Query\Processors\Processor->processInsertGetId(Object(Illuminate\Database\Query\Builder), 'insert into `us...', Array, 'id')
#7 [internal function]: Illuminate\Database\Query\Builder->insertGetId(Array, 'id')
#8 C:\xampp\htdocs\FacebookLogin\facebook_login\vendor\laravel\framework\src\Illuminate\Database\Eloquent\Builder.php(1466): call_user_func_array(Array, Array)
#9 C:\xampp\htdocs\FacebookLogin\facebook_login\vendor\laravel\framework\src\Illuminate\Database\Eloquent\Model.php(1605): Illuminate\Database\Eloquent\Builder->__call('insertGetId', Array)
#10 C:\xampp\htdocs\FacebookLogin\facebook_login\vendor\laravel\framework\src\Illuminate\Database\Eloquent\Model.php(1605): Illuminate\Database\Eloquent\Builder->insertGetId(Array, 'id')
#11 C:\xampp\htdocs\FacebookLogin\facebook_login\vendor\laravel\framework\src\Illuminate\Database\Eloquent\Model.php(1574): Illuminate\Database\Eloquent\Model->insertAndSetId(Object(Illuminate\Database\Eloquent\Builder), Array)
#12 C:\xampp\htdocs\FacebookLogin\facebook_login\vendor\laravel\framework\src\Illuminate\Database\Eloquent\Model.php(1471): Illuminate\Database\Eloquent\Model->performInsert(Object(Illuminate\Database\Eloquent\Builder))
#13 C:\xampp\htdocs\FacebookLogin\facebook_login\vendor\laravel\framework\src\Illuminate\Database\Eloquent\Model.php(561): Illuminate\Database\Eloquent\Model->save()
#14 C:\xampp\htdocs\FacebookLogin\facebook_login\app\Http\Controllers\Auth\RegisterController.php(69): Illuminate\Database\Eloquent\Model::create(Array)
#15 C:\xampp\htdocs\FacebookLogin\facebook_login\vendor\laravel\framework\src\Illuminate\Foundation\Auth\RegistersUsers.php(33): App\Http\Controllers\Auth\RegisterController->create(Array)
#16 [internal function]: App\Http\Controllers\Auth\RegisterController->register(Object(Illuminate\Http\Request))
#17 C:\xampp\htdocs\FacebookLogin\facebook_login\vendor\laravel\framework\src\Illuminate\Routing\Controller.php(55): call_user_func_array(Array, Array)
#18 C:\xampp\htdocs\FacebookLogin\facebook_login\vendor\laravel\framework\src\Illuminate\Routing\ControllerDispatcher.php(44): Illuminate\Routing\Controller->callAction('register', Array)
#19 C:\xampp\htdocs\FacebookLogin\facebook_login\vendor\laravel\framework\src\Illuminate\Routing\Route.php(190): Illuminate\Routing\ControllerDispatcher->dispatch(Object(Illuminate\Routing\Route), Object(App\Http\Controllers\Auth\RegisterController), 'register')
#20 C:\xampp\htdocs\FacebookLogin\facebook_login\vendor\laravel\framework\src\Illuminate\Routing\Route.php(144): Illuminate\Routing\Route->runController()
#21 C:\xampp\htdocs\FacebookLogin\facebook_login\vendor\laravel\framework\src\Illuminate\Routing\Router.php(653): Illuminate\Routing\Route->run(Object(Illuminate\Http\Request))
#22 C:\xampp\htdocs\FacebookLogin\facebook_login\vendor\laravel\framework\src\Illuminate\Routing\Pipeline.php(53): Illuminate\Routing\Router->Illuminate\Routing\{closure}(Object(Illuminate\Http\Request))
#23 C:\xampp\htdocs\FacebookLogin\facebook_login\app\Http\Middleware\RedirectIfAuthenticated.php(24): Illuminate\Routing\Pipeline->Illuminate\Routing\{closure}(Object(Illuminate\Http\Request))
#24 C:\xampp\htdocs\FacebookLogin\facebook_login\vendor\laravel\framework\src\Illuminate\Pipeline\Pipeline.php(137): App\Http\Middleware\RedirectIfAuthenticated->handle(Object(Illuminate\Http\Request), Object(Closure))
#25 C:\xampp\htdocs\FacebookLogin\facebook_login\vendor\laravel\framework\src\Illuminate\Routing\Pipeline.php(33): Illuminate\Pipeline\Pipeline->Illuminate\Pipeline\{closure}(Object(Illuminate\Http\Request))
#26 C:\xampp\htdocs\FacebookLogin\facebook_login\vendor\laravel\framework\src\Illuminate\Routing\Middleware\SubstituteBindings.php(41): Illuminate\Routing\Pipeline->Illuminate\Routing\{closure}(Object(Illuminate\Http\Request))
#27 C:\xampp\htdocs\FacebookLogin\facebook_login\vendor\laravel\framework\src\Illuminate\Pipeline\Pipeline.php(137): Illuminate\Routing\Middleware\SubstituteBindings->handle(Object(Illuminate\Http\Request), Object(Closure))
#28 C:\xampp\htdocs\FacebookLogin\facebook_login\vendor\laravel\framework\src\Illuminate\Routing\Pipeline.php(33): Illuminate\Pipeline\Pipeline->Illuminate\Pipeline\{closure}(Object(Illuminate\Http\Request))
#29 C:\xampp\htdocs\FacebookLogin\facebook_login\vendor\laravel\framework\src\Illuminate\Foundation\Http\Middleware\VerifyCsrfToken.php(65): Illuminate\Routing\Pipeline->Illuminate\Routing\{closure}(Object(Illuminate\Http\Request))
#30 C:\xampp\htdocs\FacebookLogin\facebook_login\vendor\laravel\framework\src\Illuminate\Pipeline\Pipeline.php(137): Illuminate\Foundation\Http\Middleware\VerifyCsrfToken->handle(Object(Illuminate\Http\Request), Object(Closure))
#31 C:\xampp\htdocs\FacebookLogin\facebook_login\vendor\laravel\framework\src\Illuminate\Routing\Pipeline.php(33): Illuminate\Pipeline\Pipeline->Illuminate\Pipeline\{closure}(Object(Illuminate\Http\Request))
#32 C:\xampp\htdocs\FacebookLogin\facebook_login\vendor\laravel\framework\src\Illuminate\View\Middleware\ShareErrorsFromSession.php(49): Illuminate\Routing\Pipeline->Illuminate\Routing\{closure}(Object(Illuminate\Http\Request))
#33 C:\xampp\htdocs\FacebookLogin\facebook_login\vendor\laravel\framework\src\Illuminate\Pipeline\Pipeline.php(137): Illuminate\View\Middleware\ShareErrorsFromSession->handle(Object(Illuminate\Http\Request), Object(Closure))
#34 C:\xampp\htdocs\FacebookLogin\facebook_login\vendor\laravel\framework\src\Illuminate\Routing\Pipeline.php(33): Illuminate\Pipeline\Pipeline->Illuminate\Pipeline\{closure}(Object(Illuminate\Http\Request))
#35 C:\xampp\htdocs\FacebookLogin\facebook_login\vendor\laravel\framework\src\Illuminate\Session\Middleware\StartSession.php(64): Illuminate\Routing\Pipeline->Illuminate\Routing\{closure}(Object(Illuminate\Http\Request))
#36 C:\xampp\htdocs\FacebookLogin\facebook_login\vendor\laravel\framework\src\Illuminate\Pipeline\Pipeline.php(137): Illuminate\Session\Middleware\StartSession->handle(Object(Illuminate\Http\Request), Object(Closure))
#37 C:\xampp\htdocs\FacebookLogin\facebook_login\vendor\laravel\framework\src\Illuminate\Routing\Pipeline.php(33): Illuminate\Pipeline\Pipeline->Illuminate\Pipeline\{closure}(Object(Illuminate\Http\Request))
#38 C:\xampp\htdocs\FacebookLogin\facebook_login\vendor\laravel\framework\src\Illuminate\Cookie\Middleware\AddQueuedCookiesToResponse.php(37): Illuminate\Routing\Pipeline->Illuminate\Routing\{closure}(Object(Illuminate\Http\Request))
#39 C:\xampp\htdocs\FacebookLogin\facebook_login\vendor\laravel\framework\src\Illuminate\Pipeline\Pipeline.php(137): Illuminate\Cookie\Middleware\AddQueuedCookiesToResponse->handle(Object(Illuminate\Http\Request), Object(Closure))
#40 C:\xampp\htdocs\FacebookLogin\facebook_login\vendor\laravel\framework\src\Illuminate\Routing\Pipeline.php(33): Illuminate\Pipeline\Pipeline->Illuminate\Pipeline\{closure}(Object(Illuminate\Http\Request))
#41 C:\xampp\htdocs\FacebookLogin\facebook_login\vendor\laravel\framework\src\Illuminate\Cookie\Middleware\EncryptCookies.php(59): Illuminate\Routing\Pipeline->Illuminate\Routing\{closure}(Object(Illuminate\Http\Request))
#42 C:\xampp\htdocs\FacebookLogin\facebook_login\vendor\laravel\framework\src\Illuminate\Pipeline\Pipeline.php(137): Illuminate\Cookie\Middleware\EncryptCookies->handle(Object(Illuminate\Http\Request), Object(Closure))
#43 C:\xampp\htdocs\FacebookLogin\facebook_login\vendor\laravel\framework\src\Illuminate\Routing\Pipeline.php(33): Illuminate\Pipeline\Pipeline->Illuminate\Pipeline\{closure}(Object(Illuminate\Http\Request))
#44 C:\xampp\htdocs\FacebookLogin\facebook_login\vendor\laravel\framework\src\Illuminate\Pipeline\Pipeline.php(104): Illuminate\Routing\Pipeline->Illuminate\Routing\{closure}(Object(Illuminate\Http\Request))
#45 C:\xampp\htdocs\FacebookLogin\facebook_login\vendor\laravel\framework\src\Illuminate\Routing\Router.php(655): Illuminate\Pipeline\Pipeline->then(Object(Closure))
#46 C:\xampp\htdocs\FacebookLogin\facebook_login\vendor\laravel\framework\src\Illuminate\Routing\Router.php(629): Illuminate\Routing\Router->runRouteWithinStack(Object(Illuminate\Routing\Route), Object(Illuminate\Http\Request))
#47 C:\xampp\htdocs\FacebookLogin\facebook_login\vendor\laravel\framework\src\Illuminate\Routing\Router.php(607): Illuminate\Routing\Router->dispatchToRoute(Object(Illuminate\Http\Request))
#48 C:\xampp\htdocs\FacebookLogin\facebook_login\vendor\laravel\framework\src\Illuminate\Foundation\Http\Kernel.php(268): Illuminate\Routing\Router->dispatch(Object(Illuminate\Http\Request))
#49 C:\xampp\htdocs\FacebookLogin\facebook_login\vendor\laravel\framework\src\Illuminate\Routing\Pipeline.php(53): Illuminate\Foundation\Http\Kernel->Illuminate\Foundation\Http\{closure}(Object(Illuminate\Http\Request))
#50 C:\xampp\htdocs\FacebookLogin\facebook_login\vendor\laravel\framework\src\Illuminate\Foundation\Http\Middleware\CheckForMaintenanceMode.php(46): Illuminate\Routing\Pipeline->Illuminate\Routing\{closure}(Object(Illuminate\Http\Request))
#51 C:\xampp\htdocs\FacebookLogin\facebook_login\vendor\laravel\framework\src\Illuminate\Pipeline\Pipeline.php(137): Illuminate\Foundation\Http\Middleware\CheckForMaintenanceMode->handle(Object(Illuminate\Http\Request), Object(Closure))
#52 C:\xampp\htdocs\FacebookLogin\facebook_login\vendor\laravel\framework\src\Illuminate\Routing\Pipeline.php(33): Illuminate\Pipeline\Pipeline->Illuminate\Pipeline\{closure}(Object(Illuminate\Http\Request))
#53 C:\xampp\htdocs\FacebookLogin\facebook_login\vendor\laravel\framework\src\Illuminate\Pipeline\Pipeline.php(104): Illuminate\Routing\Pipeline->Illuminate\Routing\{closure}(Object(Illuminate\Http\Request))
#54 C:\xampp\htdocs\FacebookLogin\facebook_login\vendor\laravel\framework\src\Illuminate\Foundation\Http\Kernel.php(150): Illuminate\Pipeline\Pipeline->then(Object(Closure))
#55 C:\xampp\htdocs\FacebookLogin\facebook_login\vendor\laravel\framework\src\Illuminate\Foundation\Http\Kernel.php(117): Illuminate\Foundation\Http\Kernel->sendRequestThroughRouter(Object(Illuminate\Http\Request))
#56 C:\xampp\htdocs\FacebookLogin\facebook_login\public\index.php(54): Illuminate\Foundation\Http\Kernel->handle(Object(Illuminate\Http\Request))
#57 C:\xampp\htdocs\FacebookLogin\facebook_login\server.php(21): require_once('C:\\xampp\\htdocs...')
#58 {main}

Next exception 'Illuminate\Database\QueryException' with message 'SQLSTATE[HY000]: General error: 1364 Field 'avatar' doesn't have a default value (SQL: insert into `users` (`name`, `email`, `password`, `updated_at`, `created_at`) values (Reza, Emadi@email.com, $2y$10$lfPjQvZBgKO9NERe5xFmteecrSrH/46OgHb1wS1vP9sQtwoUl3VgG, 2017-01-06 09:45:19, 2017-01-06 09:45:19))' in C:\xampp\htdocs\FacebookLogin\facebook_login\vendor\laravel\framework\src\Illuminate\Database\Connection.php:770
Stack trace:
#0 C:\xampp\htdocs\FacebookLogin\facebook_login\vendor\laravel\framework\src\Illuminate\Database\Connection.php(726): Illuminate\Database\Connection->runQueryCallback('insert into `us...', Array, Object(Closure))
#1 C:\xampp\htdocs\FacebookLogin\facebook_login\vendor\laravel\framework\src\Illuminate\Database\Connection.php(481): Illuminate\Database\Connection->run('insert into `us...', Array, Object(Closure))
#2 C:\xampp\htdocs\FacebookLogin\facebook_login\vendor\laravel\framework\src\Illuminate\Database\Connection.php(435): Illuminate\Database\Connection->statement('insert into `us...', Array)
#3 C:\xampp\htdocs\FacebookLogin\facebook_login\vendor\laravel\framework\src\Illuminate\Database\Query\Processors\Processor.php(32): Illuminate\Database\Connection->insert('insert into `us...', Array)
#4 C:\xampp\htdocs\FacebookLogin\facebook_login\vendor\laravel\framework\src\Illuminate\Database\Query\Builder.php(2154): Illuminate\Database\Query\Processors\Processor->processInsertGetId(Object(Illuminate\Database\Query\Builder), 'insert into `us...', Array, 'id')
#5 [internal function]: Illuminate\Database\Query\Builder->insertGetId(Array, 'id')
#6 C:\xampp\htdocs\FacebookLogin\facebook_login\vendor\laravel\framework\src\Illuminate\Database\Eloquent\Builder.php(1466): call_user_func_array(Array, Array)
#7 C:\xampp\htdocs\FacebookLogin\facebook_login\vendor\laravel\framework\src\Illuminate\Database\Eloquent\Model.php(1605): Illuminate\Database\Eloquent\Builder->__call('insertGetId', Array)
#8 C:\xampp\htdocs\FacebookLogin\facebook_login\vendor\laravel\framework\src\Illuminate\Database\Eloquent\Model.php(1605): Illuminate\Database\Eloquent\Builder->insertGetId(Array, 'id')
#9 C:\xampp\htdocs\FacebookLogin\facebook_login\vendor\laravel\framework\src\Illuminate\Database\Eloquent\Model.php(1574): Illuminate\Database\Eloquent\Model->insertAndSetId(Object(Illuminate\Database\Eloquent\Builder), Array)
#10 C:\xampp\htdocs\FacebookLogin\facebook_login\vendor\laravel\framework\src\Illuminate\Database\Eloquent\Model.php(1471): Illuminate\Database\Eloquent\Model->performInsert(Object(Illuminate\Database\Eloquent\Builder))
#11 C:\xampp\htdocs\FacebookLogin\facebook_login\vendor\laravel\framework\src\Illuminate\Database\Eloquent\Model.php(561): Illuminate\Database\Eloquent\Model->save()
#12 C:\xampp\htdocs\FacebookLogin\facebook_login\app\Http\Controllers\Auth\RegisterController.php(69): Illuminate\Database\Eloquent\Model::create(Array)
#13 C:\xampp\htdocs\FacebookLogin\facebook_login\vendor\laravel\framework\src\Illuminate\Foundation\Auth\RegistersUsers.php(33): App\Http\Controllers\Auth\RegisterController->create(Array)
#14 [internal function]: App\Http\Controllers\Auth\RegisterController->register(Object(Illuminate\Http\Request))
#15 C:\xampp\htdocs\FacebookLogin\facebook_login\vendor\laravel\framework\src\Illuminate\Routing\Controller.php(55): call_user_func_array(Array, Array)
#16 C:\xampp\htdocs\FacebookLogin\facebook_login\vendor\laravel\framework\src\Illuminate\Routing\ControllerDispatcher.php(44): Illuminate\Routing\Controller->callAction('register', Array)
#17 C:\xampp\htdocs\FacebookLogin\facebook_login\vendor\laravel\framework\src\Illuminate\Routing\Route.php(190): Illuminate\Routing\ControllerDispatcher->dispatch(Object(Illuminate\Routing\Route), Object(App\Http\Controllers\Auth\RegisterController), 'register')
#18 C:\xampp\htdocs\FacebookLogin\facebook_login\vendor\laravel\framework\src\Illuminate\Routing\Route.php(144): Illuminate\Routing\Route->runController()
#19 C:\xampp\htdocs\FacebookLogin\facebook_login\vendor\laravel\framework\src\Illuminate\Routing\Router.php(653): Illuminate\Routing\Route->run(Object(Illuminate\Http\Request))
#20 C:\xampp\htdocs\FacebookLogin\facebook_login\vendor\laravel\framework\src\Illuminate\Routing\Pipeline.php(53): Illuminate\Routing\Router->Illuminate\Routing\{closure}(Object(Illuminate\Http\Request))
#21 C:\xampp\htdocs\FacebookLogin\facebook_login\app\Http\Middleware\RedirectIfAuthenticated.php(24): Illuminate\Routing\Pipeline->Illuminate\Routing\{closure}(Object(Illuminate\Http\Request))
#22 C:\xampp\htdocs\FacebookLogin\facebook_login\vendor\laravel\framework\src\Illuminate\Pipeline\Pipeline.php(137): App\Http\Middleware\RedirectIfAuthenticated->handle(Object(Illuminate\Http\Request), Object(Closure))
#23 C:\xampp\htdocs\FacebookLogin\facebook_login\vendor\laravel\framework\src\Illuminate\Routing\Pipeline.php(33): Illuminate\Pipeline\Pipeline->Illuminate\Pipeline\{closure}(Object(Illuminate\Http\Request))
#24 C:\xampp\htdocs\FacebookLogin\facebook_login\vendor\laravel\framework\src\Illuminate\Routing\Middleware\SubstituteBindings.php(41): Illuminate\Routing\Pipeline->Illuminate\Routing\{closure}(Object(Illuminate\Http\Request))
#25 C:\xampp\htdocs\FacebookLogin\facebook_login\vendor\laravel\framework\src\Illuminate\Pipeline\Pipeline.php(137): Illuminate\Routing\Middleware\SubstituteBindings->handle(Object(Illuminate\Http\Request), Object(Closure))
#26 C:\xampp\htdocs\FacebookLogin\facebook_login\vendor\laravel\framework\src\Illuminate\Routing\Pipeline.php(33): Illuminate\Pipeline\Pipeline->Illuminate\Pipeline\{closure}(Object(Illuminate\Http\Request))
#27 C:\xampp\htdocs\FacebookLogin\facebook_login\vendor\laravel\framework\src\Illuminate\Foundation\Http\Middleware\VerifyCsrfToken.php(65): Illuminate\Routing\Pipeline->Illuminate\Routing\{closure}(Object(Illuminate\Http\Request))
#28 C:\xampp\htdocs\FacebookLogin\facebook_login\vendor\laravel\framework\src\Illuminate\Pipeline\Pipeline.php(137): Illuminate\Foundation\Http\Middleware\VerifyCsrfToken->handle(Object(Illuminate\Http\Request), Object(Closure))
#29 C:\xampp\htdocs\FacebookLogin\facebook_login\vendor\laravel\framework\src\Illuminate\Routing\Pipeline.php(33): Illuminate\Pipeline\Pipeline->Illuminate\Pipeline\{closure}(Object(Illuminate\Http\Request))
#30 C:\xampp\htdocs\FacebookLogin\facebook_login\vendor\laravel\framework\src\Illuminate\View\Middleware\ShareErrorsFromSession.php(49): Illuminate\Routing\Pipeline->Illuminate\Routing\{closure}(Object(Illuminate\Http\Request))
#31 C:\xampp\htdocs\FacebookLogin\facebook_login\vendor\laravel\framework\src\Illuminate\Pipeline\Pipeline.php(137): Illuminate\View\Middleware\ShareErrorsFromSession->handle(Object(Illuminate\Http\Request), Object(Closure))
#32 C:\xampp\htdocs\FacebookLogin\facebook_login\vendor\laravel\framework\src\Illuminate\Routing\Pipeline.php(33): Illuminate\Pipeline\Pipeline->Illuminate\Pipeline\{closure}(Object(Illuminate\Http\Request))
#33 C:\xampp\htdocs\FacebookLogin\facebook_login\vendor\laravel\framework\src\Illuminate\Session\Middleware\StartSession.php(64): Illuminate\Routing\Pipeline->Illuminate\Routing\{closure}(Object(Illuminate\Http\Request))
#34 C:\xampp\htdocs\FacebookLogin\facebook_login\vendor\laravel\framework\src\Illuminate\Pipeline\Pipeline.php(137): Illuminate\Session\Middleware\StartSession->handle(Object(Illuminate\Http\Request), Object(Closure))
#35 C:\xampp\htdocs\FacebookLogin\facebook_login\vendor\laravel\framework\src\Illuminate\Routing\Pipeline.php(33): Illuminate\Pipeline\Pipeline->Illuminate\Pipeline\{closure}(Object(Illuminate\Http\Request))
#36 C:\xampp\htdocs\FacebookLogin\facebook_login\vendor\laravel\framework\src\Illuminate\Cookie\Middleware\AddQueuedCookiesToResponse.php(37): Illuminate\Routing\Pipeline->Illuminate\Routing\{closure}(Object(Illuminate\Http\Request))
#37 C:\xampp\htdocs\FacebookLogin\facebook_login\vendor\laravel\framework\src\Illuminate\Pipeline\Pipeline.php(137): Illuminate\Cookie\Middleware\AddQueuedCookiesToResponse->handle(Object(Illuminate\Http\Request), Object(Closure))
#38 C:\xampp\htdocs\FacebookLogin\facebook_login\vendor\laravel\framework\src\Illuminate\Routing\Pipeline.php(33): Illuminate\Pipeline\Pipeline->Illuminate\Pipeline\{closure}(Object(Illuminate\Http\Request))
#39 C:\xampp\htdocs\FacebookLogin\facebook_login\vendor\laravel\framework\src\Illuminate\Cookie\Middleware\EncryptCookies.php(59): Illuminate\Routing\Pipeline->Illuminate\Routing\{closure}(Object(Illuminate\Http\Request))
#40 C:\xampp\htdocs\FacebookLogin\facebook_login\vendor\laravel\framework\src\Illuminate\Pipeline\Pipeline.php(137): Illuminate\Cookie\Middleware\EncryptCookies->handle(Object(Illuminate\Http\Request), Object(Closure))
#41 C:\xampp\htdocs\FacebookLogin\facebook_login\vendor\laravel\framework\src\Illuminate\Routing\Pipeline.php(33): Illuminate\Pipeline\Pipeline->Illuminate\Pipeline\{closure}(Object(Illuminate\Http\Request))
#42 C:\xampp\htdocs\FacebookLogin\facebook_login\vendor\laravel\framework\src\Illuminate\Pipeline\Pipeline.php(104): Illuminate\Routing\Pipeline->Illuminate\Routing\{closure}(Object(Illuminate\Http\Request))
#43 C:\xampp\htdocs\FacebookLogin\facebook_login\vendor\laravel\framework\src\Illuminate\Routing\Router.php(655): Illuminate\Pipeline\Pipeline->then(Object(Closure))
#44 C:\xampp\htdocs\FacebookLogin\facebook_login\vendor\laravel\framework\src\Illuminate\Routing\Router.php(629): Illuminate\Routing\Router->runRouteWithinStack(Object(Illuminate\Routing\Route), Object(Illuminate\Http\Request))
#45 C:\xampp\htdocs\FacebookLogin\facebook_login\vendor\laravel\framework\src\Illuminate\Routing\Router.php(607): Illuminate\Routing\Router->dispatchToRoute(Object(Illuminate\Http\Request))
#46 C:\xampp\htdocs\FacebookLogin\facebook_login\vendor\laravel\framework\src\Illuminate\Foundation\Http\Kernel.php(268): Illuminate\Routing\Router->dispatch(Object(Illuminate\Http\Request))
#47 C:\xampp\htdocs\FacebookLogin\facebook_login\vendor\laravel\framework\src\Illuminate\Routing\Pipeline.php(53): Illuminate\Foundation\Http\Kernel->Illuminate\Foundation\Http\{closure}(Object(Illuminate\Http\Request))
#48 C:\xampp\htdocs\FacebookLogin\facebook_login\vendor\laravel\framework\src\Illuminate\Foundation\Http\Middleware\CheckForMaintenanceMode.php(46): Illuminate\Routing\Pipeline->Illuminate\Routing\{closure}(Object(Illuminate\Http\Request))
#49 C:\xampp\htdocs\FacebookLogin\facebook_login\vendor\laravel\framework\src\Illuminate\Pipeline\Pipeline.php(137): Illuminate\Foundation\Http\Middleware\CheckForMaintenanceMode->handle(Object(Illuminate\Http\Request), Object(Closure))
#50 C:\xampp\htdocs\FacebookLogin\facebook_login\vendor\laravel\framework\src\Illuminate\Routing\Pipeline.php(33): Illuminate\Pipeline\Pipeline->Illuminate\Pipeline\{closure}(Object(Illuminate\Http\Request))
#51 C:\xampp\htdocs\FacebookLogin\facebook_login\vendor\laravel\framework\src\Illuminate\Pipeline\Pipeline.php(104): Illuminate\Routing\Pipeline->Illuminate\Routing\{closure}(Object(Illuminate\Http\Request))
#52 C:\xampp\htdocs\FacebookLogin\facebook_login\vendor\laravel\framework\src\Illuminate\Foundation\Http\Kernel.php(150): Illuminate\Pipeline\Pipeline->then(Object(Closure))
#53 C:\xampp\htdocs\FacebookLogin\facebook_login\vendor\laravel\framework\src\Illuminate\Foundation\Http\Kernel.php(117): Illuminate\Foundation\Http\Kernel->sendRequestThroughRouter(Object(Illuminate\Http\Request))
#54 C:\xampp\htdocs\FacebookLogin\facebook_login\public\index.php(54): Illuminate\Foundation\Http\Kernel->handle(Object(Illuminate\Http\Request))
#55 C:\xampp\htdocs\FacebookLogin\facebook_login\server.php(21): require_once('C:\\xampp\\htdocs...')
#56 {main}  
